<?xml version="1.0" encoding="UTF-8"?>
<!-- Generated by org.testng.reporters.JUnitReportReporter -->
<testsuite hostname="Chidu" name="cucumberOptions.TestRunner" tests="1" failures="0" timestamp="31 Oct 2019 15:03:46 GMT" time="35.770" errors="0">
  <testcase name="feature" time="35.770" classname="cucumberOptions.TestRunner"/>
</testsuite> <!-- cucumberOptions.TestRunner -->
